#-----------------------------------------------------------
# Vivado v2019.1.1 (64-bit)
# SW Build 2580384 on Sat Jun 29 08:12:21 MDT 2019
# IP Build 2579722 on Sat Jun 29 11:35:40 MDT 2019
# Start of session at: Thu Dec  5 11:31:02 2019
# Process ID: 22800
# Current directory: D:/DigLog Project CV
# Command line: vivado.exe -gui_launcher_event rodinguilauncherevent82880 D:\DigLog Project CV\project_1.xpr
# Log file: D:/DigLog Project CV/vivado.log
# Journal file: D:/DigLog Project CV\vivado.jou
#-----------------------------------------------------------
start_gui
open_project {D:/DigLog Project CV/project_1.xpr}
INFO: [Project 1-313] Project file moved from 'E:/DigLog Project CV' since last save.
Scanning sources...
Finished scanning sources
CRITICAL WARNING: [Project 1-505] Unrecognized Option Name DcpsUptoDate
WARNING: [Project 1-231] Project 'project_1.xpr' was created with a future version and may or may not perform reliably with this version of Vivado. It has been opened in read-only mode for the protection of unrecognized data. Use 'File | Save Project As...' if you wish to alter a copy of the project.
INFO: [IP_Flow 19-234] Refreshing IP repositories
INFO: [IP_Flow 19-1704] No user IP repositories specified
INFO: [IP_Flow 19-2313] Loaded Vivado IP repository 'C:/Xilinx/Vivado/2019.1/data/ip'.
open_project: Time (s): cpu = 00:00:21 ; elapsed = 00:00:07 . Memory (MB): peak = 788.641 ; gain = 82.063
update_compile_order -fileset sources_1
save_project_as project_3 {D:/DigLog Project CV/project_3} -force
save_project_as: Time (s): cpu = 00:00:13 ; elapsed = 00:00:25 . Memory (MB): peak = 801.984 ; gain = 13.344
exit
INFO: [Common 17-206] Exiting Vivado at Thu Dec  5 11:33:03 2019...
